<?xml version="1.0" encoding="UTF-8"?>
<!-- Generated by org.testng.reporters.JUnitReportReporter -->
<testsuite hostname="WKSPUN05GTR0523" failures="0" tests="2" name="com.sampleparalletest.demo.ParallelTestDemo" time="26.313" errors="0" timestamp="2025-04-28T11:38:14 IST" skipped="0">
  <testcase classname="com.sampleparalletest.demo.ParallelTestDemo" name="function_1" time="16.702"/>
  <testcase classname="com.sampleparalletest.demo.ParallelTestDemo" name="function_2" time="9.611"/>
</testsuite> <!-- com.sampleparalletest.demo.ParallelTestDemo -->
